# JRE version: Java(TM) SE Runtime Environment (8.0_111-b14) (build 1.8.0_111-b14)
# Java VM: Java HotSpot(TM) 64-Bit Server VM (25.111-b14 mixed mode windows-amd64 compressed oops)
Heap:
 PSYoungGen      total 310272K, used 256606K [0x00000000d5d00000, 0x00000000f2380000, 0x0000000100000000)
  eden space 270336K, 94% used [0x00000000d5d00000,0x00000000e5797b20,0x00000000e6500000)
  from space 39936K, 0% used [0x00000000e6500000,0x00000000e6500000,0x00000000e8c00000)
  to   space 60928K, 0% used [0x00000000ee800000,0x00000000ee800000,0x00000000f2380000)
 ParOldGen       total 207872K, used 88780K [0x0000000081600000, 0x000000008e100000, 0x00000000d5d00000)
  object space 207872K, 42% used [0x0000000081600000,0x0000000086cb33e8,0x000000008e100000)
 Metaspace       used 40207K, capacity 40732K, committed 41000K, reserved 1085440K
  class space    used 4972K, capacity 5102K, committed 5168K, reserved 1048576K
GC Heap History (10 events):
Event: 26.909 GC heap before
{Heap before GC invocations=8 (full 1):
 PSYoungGen      total 214528K, used 102184K [0x00000000d5d00000, 0x00000000e7900000, 0x0000000100000000)
  eden space 202240K, 44% used [0x00000000d5d00000,0x00000000db4ccba0,0x00000000e2280000)
  from space 12288K, 99% used [0x00000000e6d00000,0x00000000e78fd570,0x00000000e7900000)
  to   space 15360K, 0% used [0x00000000e5b00000,0x00000000e5b00000,0x00000000e6a00000)
 ParOldGen       total 66560K, used 13587K [0x0000000081600000, 0x0000000085700000, 0x00000000d5d00000)
  object space 66560K, 20% used [0x0000000081600000,0x0000000082344dc8,0x0000000085700000)
 Metaspace       used 34876K, capacity 35166K, committed 35496K, reserved 1079296K
  class space    used 4616K, capacity 4739K, committed 4784K, reserved 1048576K
Event: 26.923 GC heap after
Heap after GC invocations=8 (full 1):
 PSYoungGen      total 275456K, used 12701K [0x00000000d5d00000, 0x00000000e9c80000, 0x0000000100000000)
  eden space 260096K, 0% used [0x00000000d5d00000,0x00000000d5d00000,0x00000000e5b00000)
  from space 15360K, 82% used [0x00000000e5b00000,0x00000000e6767548,0x00000000e6a00000)
  to   space 16896K, 0% used [0x00000000e8c00000,0x00000000e8c00000,0x00000000e9c80000)
 ParOldGen       total 66560K, used 13595K [0x0000000081600000, 0x0000000085700000, 0x00000000d5d00000)
  object space 66560K, 20% used [0x0000000081600000,0x0000000082346dc8,0x0000000085700000)
 Metaspace       used 34876K, capacity 35166K, committed 35496K, reserved 1079296K
  class space    used 4616K, capacity 4739K, committed 4784K, reserved 1048576K
}
Event: 26.923 GC heap before
{Heap before GC invocations=9 (full 2):
 PSYoungGen      total 275456K, used 12701K [0x00000000d5d00000, 0x00000000e9c80000, 0x0000000100000000)
  eden space 260096K, 0% used [0x00000000d5d00000,0x00000000d5d00000,0x00000000e5b00000)
  from space 15360K, 82% used [0x00000000e5b00000,0x00000000e6767548,0x00000000e6a00000)
  to   space 16896K, 0% used [0x00000000e8c00000,0x00000000e8c00000,0x00000000e9c80000)
 ParOldGen       total 66560K, used 13595K [0x0000000081600000, 0x0000000085700000, 0x00000000d5d00000)
  object space 66560K, 20% used [0x0000000081600000,0x0000000082346dc8,0x0000000085700000)
 Metaspace       used 34876K, capacity 35166K, committed 35496K, reserved 1079296K
  class space    used 4616K, capacity 4739K, committed 4784K, reserved 1048576K
Event: 27.007 GC heap after
Heap after GC invocations=9 (full 2):
 PSYoungGen      total 275456K, used 0K [0x00000000d5d00000, 0x00000000e9c80000, 0x0000000100000000)
  eden space 260096K, 0% used [0x00000000d5d00000,0x00000000d5d00000,0x00000000e5b00000)
  from space 15360K, 0% used [0x00000000e5b00000,0x00000000e5b00000,0x00000000e6a00000)
  to   space 16896K, 0% used [0x00000000e8c00000,0x00000000e8c00000,0x00000000e9c80000)
 ParOldGen       total 92672K, used 19875K [0x0000000081600000, 0x0000000087080000, 0x00000000d5d00000)
  object space 92672K, 21% used [0x0000000081600000,0x0000000082968cf8,0x0000000087080000)
 Metaspace       used 34876K, capacity 35166K, committed 35496K, reserved 1079296K
  class space    used 4616K, capacity 4739K, committed 4784K, reserved 1048576K
}
Event: 483.963 GC heap before
{Heap before GC invocations=10 (full 2):
 PSYoungGen      total 275456K, used 260096K [0x00000000d5d00000, 0x00000000e9c80000, 0x0000000100000000)
  eden space 260096K, 100% used [0x00000000d5d00000,0x00000000e5b00000,0x00000000e5b00000)
  from space 15360K, 0% used [0x00000000e5b00000,0x00000000e5b00000,0x00000000e6a00000)
  to   space 16896K, 0% used [0x00000000e8c00000,0x00000000e8c00000,0x00000000e9c80000)
 ParOldGen       total 92672K, used 19875K [0x0000000081600000, 0x0000000087080000, 0x00000000d5d00000)
  object space 92672K, 21% used [0x0000000081600000,0x0000000082968cf8,0x0000000087080000)
 Metaspace       used 38979K, capacity 39404K, committed 39720K, reserved 1083392K
  class space    used 4923K, capacity 5045K, committed 5168K, reserved 1048576K
Event: 484.119 GC heap after
Heap after GC invocations=10 (full 2):
 PSYoungGen      total 287232K, used 16865K [0x00000000d5d00000, 0x00000000f2d80000, 0x0000000100000000)
  eden space 270336K, 0% used [0x00000000d5d00000,0x00000000d5d00000,0x00000000e6500000)
  from space 16896K, 99% used [0x00000000e8c00000,0x00000000e9c78780,0x00000000e9c80000)
  to   space 39936K, 0% used [0x00000000e6500000,0x00000000e6500000,0x00000000e8c00000)
 ParOldGen       total 92672K, used 67298K [0x0000000081600000, 0x0000000087080000, 0x00000000d5d00000)
  object space 92672K, 72% used [0x0000000081600000,0x00000000857b8b50,0x0000000087080000)
 Metaspace       used 38979K, capacity 39404K, committed 39720K, reserved 1083392K
  class space    used 4923K, capacity 5045K, committed 5168K, reserved 1048576K
}
Event: 947.895 GC heap before
{Heap before GC invocations=11 (full 2):
 PSYoungGen      total 287232K, used 287201K [0x00000000d5d00000, 0x00000000f2d80000, 0x0000000100000000)
  eden space 270336K, 100% used [0x00000000d5d00000,0x00000000e6500000,0x00000000e6500000)
  from space 16896K, 99% used [0x00000000e8c00000,0x00000000e9c78780,0x00000000e9c80000)
  to   space 39936K, 0% used [0x00000000e6500000,0x00000000e6500000,0x00000000e8c00000)
 ParOldGen       total 92672K, used 67298K [0x0000000081600000, 0x0000000087080000, 0x00000000d5d00000)
  object space 92672K, 72% used [0x0000000081600000,0x00000000857b8b50,0x0000000087080000)
 Metaspace       used 39961K, capacity 40394K, committed 40744K, reserved 1085440K
  class space    used 4969K, capacity 5099K, committed 5168K, reserved 1048576K
Event: 948.062 GC heap after
Heap after GC invocations=11 (full 2):
 PSYoungGen      total 310272K, used 39931K [0x00000000d5d00000, 0x00000000f2380000, 0x0000000100000000)
  eden space 270336K, 0% used [0x00000000d5d00000,0x00000000d5d00000,0x00000000e6500000)
  from space 39936K, 99% used [0x00000000e6500000,0x00000000e8bfee50,0x00000000e8c00000)
  to   space 60928K, 0% used [0x00000000ee800000,0x00000000ee800000,0x00000000f2380000)
 ParOldGen       total 100352K, used 100311K [0x0000000081600000, 0x0000000087800000, 0x00000000d5d00000)
  object space 100352K, 99% used [0x0000000081600000,0x00000000877f5ef0,0x0000000087800000)
 Metaspace       used 39961K, capacity 40394K, committed 40744K, reserved 1085440K
  class space    used 4969K, capacity 5099K, committed 5168K, reserved 1048576K
}
Event: 948.062 GC heap before
{Heap before GC invocations=12 (full 3):
 PSYoungGen      total 310272K, used 39931K [0x00000000d5d00000, 0x00000000f2380000, 0x0000000100000000)
  eden space 270336K, 0% used [0x00000000d5d00000,0x00000000d5d00000,0x00000000e6500000)
  from space 39936K, 99% used [0x00000000e6500000,0x00000000e8bfee50,0x00000000e8c00000)
  to   space 60928K, 0% used [0x00000000ee800000,0x00000000ee800000,0x00000000f2380000)
 ParOldGen       total 100352K, used 100311K [0x0000000081600000, 0x0000000087800000, 0x00000000d5d00000)
  object space 100352K, 99% used [0x0000000081600000,0x00000000877f5ef0,0x0000000087800000)
 Metaspace       used 39961K, capacity 40394K, committed 40744K, reserved 1085440K
  class space    used 4969K, capacity 5099K, committed 5168K, reserved 1048576K
Event: 948.499 GC heap after
Heap after GC invocations=12 (full 3):
 PSYoungGen      total 310272K, used 0K [0x00000000d5d00000, 0x00000000f2380000, 0x0000000100000000)
  eden space 270336K, 0% used [0x00000000d5d00000,0x00000000d5d00000,0x00000000e6500000)
  from space 39936K, 0% used [0x00000000e6500000,0x00000000e6500000,0x00000000e8c00000)
  to   space 60928K, 0% used [0x00000000ee800000,0x00000000ee800000,0x00000000f2380000)
 ParOldGen       total 207872K, used 88780K [0x0000000081600000, 0x000000008e100000, 0x00000000d5d00000)
  object space 207872K, 42% used [0x0000000081600000,0x0000000086cb33e8,0x000000008e100000)
 Metaspace       used 39961K, capacity 40394K, committed 40744K, reserved 1085440K
  class space    used 4969K, capacity 5099K, committed 5168K, reserved 1048576K
}

